  runway.c
c:\users\denis\dropbox\study\now\mamat\wet\wet2\hw2\hw2\runway.c(8): error C2143: syntax error: missing ')' before '*'
c:\users\denis\dropbox\study\now\mamat\wet\wet2\hw2\hw2\runway.c(8): error C2143: syntax error: missing '{' before '*'
c:\users\denis\dropbox\study\now\mamat\wet\wet2\hw2\hw2\runway.c(8): error C2059: syntax error: 'type'
c:\users\denis\dropbox\study\now\mamat\wet\wet2\hw2\hw2\runway.c(8): error C2059: syntax error: ')'
c:\users\denis\dropbox\study\now\mamat\wet\wet2\hw2\hw2\runway.c(25): error C2018: unknown character '0x1'
c:\users\denis\dropbox\study\now\mamat\wet\wet2\hw2\hw2\runway.c(25): error C2018: unknown character '0x6'
c:\users\denis\dropbox\study\now\mamat\wet\wet2\hw2\hw2\runway.c(25): error C2018: unknown character '0x5'
c:\users\denis\dropbox\study\now\mamat\wet\wet2\hw2\hw2\runway.c(25): error C2018: unknown character '0x8'
c:\users\denis\dropbox\study\now\mamat\wet\wet2\hw2\hw2\runway.c(25): error C2018: unknown character '0x7'
c:\users\denis\dropbox\study\now\mamat\wet\wet2\hw2\hw2\runway.c(25): error C2018: unknown character '0x4'
c:\users\denis\dropbox\study\now\mamat\wet\wet2\hw2\hw2\runway.c(49): error C2018: unknown character '0x1'
c:\users\denis\dropbox\study\now\mamat\wet\wet2\hw2\hw2\runway.c(49): error C2018: unknown character '0x6'
c:\users\denis\dropbox\study\now\mamat\wet\wet2\hw2\hw2\runway.c(49): error C2018: unknown character '0x5'
c:\users\denis\dropbox\study\now\mamat\wet\wet2\hw2\hw2\runway.c(49): error C2018: unknown character '0x8'
c:\users\denis\dropbox\study\now\mamat\wet\wet2\hw2\hw2\runway.c(49): error C2018: unknown character '0x7'
c:\users\denis\dropbox\study\now\mamat\wet\wet2\hw2\hw2\runway.c(49): error C2018: unknown character '0x4'
c:\users\denis\dropbox\study\now\mamat\wet\wet2\hw2\hw2\runway.c(65): error C2018: unknown character '0x1'
c:\users\denis\dropbox\study\now\mamat\wet\wet2\hw2\hw2\runway.c(65): error C2018: unknown character '0x6'
c:\users\denis\dropbox\study\now\mamat\wet\wet2\hw2\hw2\runway.c(65): error C2018: unknown character '0x5'
c:\users\denis\dropbox\study\now\mamat\wet\wet2\hw2\hw2\runway.c(65): error C2018: unknown character '0x8'
c:\users\denis\dropbox\study\now\mamat\wet\wet2\hw2\hw2\runway.c(65): error C2018: unknown character '0x7'
c:\users\denis\dropbox\study\now\mamat\wet\wet2\hw2\hw2\runway.c(65): error C2018: unknown character '0x4'
